2021-07-05 01:39:08,206  INFO [TestNG-tests-1] BaseTest54 - chrome in non headless mode and with docker initiated
2021-07-05 01:39:11,778  INFO [TestNG-tests-1] BaseTest143 - URL opened...
2021-07-05 01:39:11,798  INFO [TestNG-tests-1] BaseTest83 - Invalid Location while searching for bus test case started...
2021-07-05 01:39:12,437  INFO [TestNG-tests-1] HomePage104 - Delhi was entered
2021-07-05 01:39:12,561  INFO [TestNG-tests-1] HomePage109 - Qwerty was entered
2021-07-05 01:39:15,659  INFO [TestNG-tests-1] BaseTest156 - Test case passed
2021-07-05 01:39:15,785  INFO [TestNG-tests-1] BaseTest162 - Browser closed...
2021-07-05 01:39:16,119  INFO [TestNG-tests-1] BaseTest54 - chrome in non headless mode and with docker initiated
2021-07-05 01:39:17,723  INFO [TestNG-tests-1] BaseTest143 - URL opened...
2021-07-05 01:39:17,726  INFO [TestNG-tests-1] BaseTest36 - Valid Search for a bus test case started...
2021-07-05 01:39:18,572  INFO [TestNG-tests-1] HomePage104 - Delhi was entered
2021-07-05 01:39:18,727  INFO [TestNG-tests-1] HomePage109 - Manali was entered
2021-07-05 01:39:19,230  INFO [TestNG-tests-1] HomePage114 - Manali was entered
2021-07-05 01:39:20,097  INFO [TestNG-tests-1] BaseTest48 - Date entered
2021-07-05 01:39:20,239  INFO [TestNG-tests-1] BaseTest55 - Search button clicked
2021-07-05 01:39:20,255  INFO [TestNG-tests-1] BaseTest156 - Test case passed
2021-07-05 01:39:20,355  INFO [TestNG-tests-1] BaseTest162 - Browser closed...
2021-07-05 01:39:20,870  INFO [TestNG-tests-1] BaseTest54 - chrome in non headless mode and with docker initiated
2021-07-05 01:39:22,647  INFO [TestNG-tests-1] BaseTest143 - URL opened...
2021-07-05 01:39:22,651  INFO [TestNG-tests-1] BaseTest129 - Bus Hire Button test case started...
2021-07-05 01:39:24,908  INFO [TestNG-tests-1] BaseTest133 - Clicked Bus Hire button on homepage
2021-07-05 01:39:25,097  INFO [TestNG-tests-1] BaseTest156 - Test case passed
2021-07-05 01:39:25,264  INFO [TestNG-tests-1] BaseTest162 - Browser closed...
2021-07-05 01:39:25,932  INFO [TestNG-tests-1] BaseTest54 - chrome in non headless mode and with docker initiated
2021-07-05 01:39:29,864  INFO [TestNG-tests-1] BaseTest143 - URL opened...
2021-07-05 01:39:29,865  INFO [TestNG-tests-1] BaseTest70 - Help Button test case started...
2021-07-05 01:39:30,001  INFO [TestNG-tests-1] BaseTest75 - Clicked help button on homepage
2021-07-05 01:39:33,375  INFO [TestNG-tests-1] BaseTest156 - Test case passed
2021-07-05 01:39:33,473  INFO [TestNG-tests-1] BaseTest162 - Browser closed...
2021-07-05 01:39:34,217  INFO [TestNG-tests-1] BaseTest54 - chrome in non headless mode and with docker initiated
2021-07-05 01:39:36,177  INFO [TestNG-tests-1] BaseTest143 - URL opened...
2021-07-05 01:39:36,180  INFO [TestNG-tests-1] BaseTest103 - rPool Button test case started...
2021-07-05 01:39:37,713  INFO [TestNG-tests-1] BaseTest107 - Clicked rPool button on homepage
2021-07-05 01:39:37,812  INFO [TestNG-tests-1] BaseTest156 - Test case passed
2021-07-05 01:39:37,942  INFO [TestNG-tests-1] BaseTest162 - Browser closed...
2021-07-05 01:39:38,521  INFO [TestNG-tests-1] BaseTest54 - chrome in non headless mode and with docker initiated
2021-07-05 01:39:40,484  INFO [TestNG-tests-1] BaseTest143 - URL opened...
2021-07-05 01:39:40,487  INFO [TestNG-tests-1] BaseTest35 - RedBus Button Functionality test case started...
2021-07-05 01:39:43,085  INFO [TestNG-tests-1] BaseTest41 - Navigating to 'Bus Tickets' page
2021-07-05 01:39:44,338  INFO [TestNG-tests-1] BaseTest47 - Clicking on redbus button
2021-07-05 01:39:44,397  INFO [TestNG-tests-1] BaseTest156 - Test case passed
2021-07-05 01:39:44,500  INFO [TestNG-tests-1] BaseTest162 - Browser closed...
2021-07-05 01:39:45,104  INFO [TestNG-tests-1] BaseTest54 - chrome in non headless mode and with docker initiated
2021-07-05 01:39:48,016  INFO [TestNG-tests-1] BaseTest143 - URL opened...
2021-07-05 01:39:48,018  INFO [TestNG-tests-1] BaseTest34 - Cancellation test case started...
2021-07-05 01:39:48,185  INFO [TestNG-tests-1] BaseTest38 - Clicked Manage Booking on homepage
2021-07-05 01:39:48,852  INFO [TestNG-tests-1] BaseTest41 - Clicked cancel in the options
2021-07-05 01:39:48,881  INFO [TestNG-tests-1] BaseTest156 - Test case passed
2021-07-05 01:39:49,025  INFO [TestNG-tests-1] BaseTest162 - Browser closed...
2021-07-05 01:39:49,676  INFO [TestNG-tests-1] BaseTest54 - chrome in non headless mode and with docker initiated
2021-07-05 01:39:51,565  INFO [TestNG-tests-1] BaseTest143 - URL opened...
2021-07-05 01:39:51,567  INFO [TestNG-tests-1] BaseTest64 - Change Travel Date test case started...
2021-07-05 01:39:52,004  INFO [TestNG-tests-1] BaseTest68 - Clicked Manage Booking on homepage
2021-07-05 01:39:52,663  INFO [TestNG-tests-1] BaseTest71 - Clicked change travel date in the options
2021-07-05 01:39:52,754  INFO [TestNG-tests-1] BaseTest156 - Test case passed
2021-07-05 01:39:52,900  INFO [TestNG-tests-1] BaseTest162 - Browser closed...
2021-07-05 01:39:53,517  INFO [TestNG-tests-1] BaseTest54 - chrome in non headless mode and with docker initiated
2021-07-05 01:39:55,309  INFO [TestNG-tests-1] BaseTest143 - URL opened...
2021-07-05 01:39:55,311  INFO [TestNG-tests-1] BaseTest124 - EMAIL/SMS Ticket test case started...
2021-07-05 01:39:55,704  INFO [TestNG-tests-1] BaseTest128 - Clicked Manage Booking on homepage
2021-07-05 01:39:56,438  INFO [TestNG-tests-1] BaseTest131 - Clicked EMAIL/SMS in the options
2021-07-05 01:39:56,522  INFO [TestNG-tests-1] BaseTest156 - Test case passed
2021-07-05 01:39:56,648  INFO [TestNG-tests-1] BaseTest162 - Browser closed...
